Flow report for Cyclone_OSG
Wed Feb 03 15:56:38 2021
Quartus Prime Version 18.1.0 Build 625 09/12/2018 SJ Lite Edition


---------------------
; Table of Contents ;
---------------------
  1. Legal Notice
  2. Flow Summary
  3. Flow Settings
  4. Flow Non-Default Global Settings
  5. Flow Elapsed Time
  6. Flow OS Summary
  7. Flow Log
  8. Flow Messages
  9. Flow Suppressed Messages



----------------
; Legal Notice ;
----------------
Copyright (C) 2018  Intel Corporation. All rights reserved.
Your use of Intel Corporation's design tools, logic functions 
and other software and tools, and its AMPP partner logic 
functions, and any output files from any of the foregoing 
(including device programming or simulation files), and any 
associated documentation or information are expressly subject 
to the terms and conditions of the Intel Program License 
Subscription Agreement, the Intel Quartus Prime License Agreement,
the Intel FPGA IP License Agreement, or other applicable license
agreement, including, without limitation, that your use is for
the sole purpose of programming logic devices manufactured by
Intel and sold by Intel or its authorized distributors.  Please
refer to the applicable agreement for further details.



+----------------------------------------------------------------------------------+
; Flow Summary                                                                     ;
+------------------------------------+---------------------------------------------+
; Flow Status                        ; Successful - Wed Feb 03 15:56:25 2021       ;
; Quartus Prime Version              ; 18.1.0 Build 625 09/12/2018 SJ Lite Edition ;
; Revision Name                      ; Cyclone_OSG                                 ;
; Top-level Entity Name              ; main                                        ;
; Family                             ; Cyclone IV E                                ;
; Device                             ; EP4CE6E22C8                                 ;
; Timing Models                      ; Final                                       ;
; Total logic elements               ; 4,392 / 6,272 ( 70 % )                      ;
;     Total combinational functions  ; 4,166 / 6,272 ( 66 % )                      ;
;     Dedicated logic registers      ; 3,225 / 6,272 ( 51 % )                      ;
; Total registers                    ; 3225                                        ;
; Total pins                         ; 20 / 92 ( 22 % )                            ;
; Total virtual pins                 ; 0                                           ;
; Total memory bits                  ; 0 / 276,480 ( 0 % )                         ;
; Embedded Multiplier 9-bit elements ; 0 / 30 ( 0 % )                              ;
; Total PLLs                         ; 1 / 2 ( 50 % )                              ;
+------------------------------------+---------------------------------------------+


+-----------------------------------------+
; Flow Settings                           ;
+-------------------+---------------------+
; Option            ; Setting             ;
+-------------------+---------------------+
; Start date & time ; 02/03/2021 15:55:46 ;
; Main task         ; Compilation         ;
; Revision Name     ; Cyclone_OSG         ;
+-------------------+---------------------+


+-------------------------------------------------------------------------------------------------------------------------+
; Flow Non-Default Global Settings                                                                                        ;
+-------------------------------------+----------------------------------------+---------------+-------------+------------+
; Assignment Name                     ; Value                                  ; Default Value ; Entity Name ; Section Id ;
+-------------------------------------+----------------------------------------+---------------+-------------+------------+
; COMPILER_SIGNATURE_ID               ; 10995770589198.161235694614640         ; --            ; --          ; --         ;
; MAX_CORE_JUNCTION_TEMP              ; 85                                     ; --            ; --          ; --         ;
; MIN_CORE_JUNCTION_TEMP              ; 0                                      ; --            ; --          ; --         ;
; MISC_FILE                           ; PLL_inst.v                             ; --            ; --          ; --         ;
; MISC_FILE                           ; PLL_bb.v                               ; --            ; --          ; --         ;
; MISC_FILE                           ; PLL.ppf                                ; --            ; --          ; --         ;
; NOMINAL_CORE_SUPPLY_VOLTAGE         ; 1.2V                                   ; --            ; --          ; --         ;
; OUTPUT_IO_TIMING_FAR_END_VMEAS      ; Half Signal Swing                      ; --            ; --          ; --         ;
; OUTPUT_IO_TIMING_FAR_END_VMEAS      ; Half Signal Swing                      ; --            ; --          ; --         ;
; OUTPUT_IO_TIMING_NEAR_END_VMEAS     ; Half Vccio                             ; --            ; --          ; --         ;
; OUTPUT_IO_TIMING_NEAR_END_VMEAS     ; Half Vccio                             ; --            ; --          ; --         ;
; PARTITION_COLOR                     ; -- (Not supported for targeted family) ; --            ; main        ; Top        ;
; PARTITION_FITTER_PRESERVATION_LEVEL ; -- (Not supported for targeted family) ; --            ; main        ; Top        ;
; PARTITION_NETLIST_TYPE              ; -- (Not supported for targeted family) ; --            ; main        ; Top        ;
; POWER_BOARD_THERMAL_MODEL           ; None (CONSERVATIVE)                    ; --            ; --          ; --         ;
; POWER_PRESET_COOLING_SOLUTION       ; 23 MM HEAT SINK WITH 200 LFPM AIRFLOW  ; --            ; --          ; --         ;
; PROJECT_OUTPUT_DIRECTORY            ; output_files                           ; --            ; --          ; --         ;
; TOP_LEVEL_ENTITY                    ; main                                   ; Cyclone_OSG   ; --          ; --         ;
+-------------------------------------+----------------------------------------+---------------+-------------+------------+


+--------------------------------------------------------------------------------------------------------------------------+
; Flow Elapsed Time                                                                                                        ;
+----------------------+--------------+-------------------------+---------------------+------------------------------------+
; Module Name          ; Elapsed Time ; Average Processors Used ; Peak Virtual Memory ; Total CPU Time (on all processors) ;
+----------------------+--------------+-------------------------+---------------------+------------------------------------+
; Analysis & Synthesis ; 00:00:14     ; 1.0                     ; 4840 MB             ; 00:00:25                           ;
; Fitter               ; 00:00:20     ; 1.1                     ; 5568 MB             ; 00:00:36                           ;
; Assembler            ; 00:00:01     ; 1.0                     ; 4689 MB             ; 00:00:01                           ;
; Timing Analyzer      ; 00:00:11     ; 1.5                     ; 4810 MB             ; 00:00:12                           ;
; Total                ; 00:00:46     ; --                      ; --                  ; 00:01:14                           ;
+----------------------+--------------+-------------------------+---------------------+------------------------------------+


+------------------------------------------------------------------------------------+
; Flow OS Summary                                                                    ;
+----------------------+------------------+------------+------------+----------------+
; Module Name          ; Machine Hostname ; OS Name    ; OS Version ; Processor type ;
+----------------------+------------------+------------+------------+----------------+
; Analysis & Synthesis ; DESKTOP-FEQN48D  ; Windows 10 ; 10.0       ; x86_64         ;
; Fitter               ; DESKTOP-FEQN48D  ; Windows 10 ; 10.0       ; x86_64         ;
; Assembler            ; DESKTOP-FEQN48D  ; Windows 10 ; 10.0       ; x86_64         ;
; Timing Analyzer      ; DESKTOP-FEQN48D  ; Windows 10 ; 10.0       ; x86_64         ;
+----------------------+------------------+------------+------------+----------------+


------------
; Flow Log ;
------------
quartus_map --read_settings_files=on --write_settings_files=off Cyclone_OSG -c Cyclone_OSG
quartus_fit --read_settings_files=off --write_settings_files=off Cyclone_OSG -c Cyclone_OSG
quartus_asm --read_settings_files=off --write_settings_files=off Cyclone_OSG -c Cyclone_OSG
quartus_sta Cyclone_OSG -c Cyclone_OSG



